<?xml version="1.0" encoding="UTF-8"?>
<!-- Generated by org.testng.reporters.JUnitXMLReporter -->
<testsuite ignored="0" hostname="DESKTOP-8D0HVFB" failures="0" tests="6" name="Default test" time="0.158" errors="0" timestamp="2021-01-28T17:31:15 GMT-05:00">
  <testcase classname="qaclickacademy.Mavenjava.RESTApiTest" name="BrowserAutomation" time="0.013"/>
  <testcase classname="qaclickacademy.Mavenjava.RESTApiTest" name="elementUi" time="0.001"/>
  <testcase classname="qaclickacademy.Mavenjava.AppiumTest" name="IosApp" time="0.002"/>
  <testcase classname="qaclickacademy.Mavenjava.AppiumTest" name="NativeappAndroid" time="0.002"/>
  <testcase classname="qaclickacademy.Mavenjava.SeleniumTest" name="twitterADD" time="0.002"/>
  <testcase classname="qaclickacademy.Mavenjava.SeleniumTest" name="twitterDelete" time="0.003"/>
</testsuite> <!-- Default test -->
