<?xml version="1.0" encoding="UTF-8"?>
<!-- Generated by org.testng.reporters.JUnitXMLReporter -->
<testsuite ignored="0" hostname="DESKTOP-8D0HVFB" failures="0" tests="4" name="Test" time="0.076" errors="0" timestamp="2021-01-28T17:48:53 GMT-05:00">
  <testcase classname="qaclickacademy.Mavenjava.RESTApiTest" name="BrowserAutomation" time="0.006"/>
  <testcase classname="qaclickacademy.Mavenjava.RESTApiTest" name="elementUi" time="0.0"/>
  <testcase classname="qaclickacademy.Mavenjava.AppiumTest" name="IosApp" time="0.001"/>
  <testcase classname="qaclickacademy.Mavenjava.AppiumTest" name="NativeappAndroid" time="0.001"/>
</testsuite> <!-- Test -->
