<?xml version="1.0" encoding="UTF-8"?>
<testng-results ignored="0" total="4" passed="4" failed="0" skipped="0">
  <reporter-output>
  </reporter-output>
  <suite started-at="2021-01-28T17:48:53 GMT-05:00" name="Suite" finished-at="2021-01-28T17:48:53 GMT-05:00" duration-ms="76">
    <groups>
    </groups>
    <test started-at="2021-01-28T17:48:53 GMT-05:00" name="Test" finished-at="2021-01-28T17:48:53 GMT-05:00" duration-ms="76">
      <class name="qaclickacademy.Mavenjava.RESTApiTest">
        <test-method signature="BrowserAutomation()[pri:0, instance:qaclickacademy.Mavenjava.RESTApiTest@6e75aa0d]" started-at="2021-01-28T17:48:53 GMT-05:00" name="BrowserAutomation" finished-at="2021-01-28T17:48:53 GMT-05:00" duration-ms="6" status="PASS">
          <reporter-output>
          </reporter-output>
        </test-method> <!-- BrowserAutomation -->
        <test-method signature="elementUi()[pri:0, instance:qaclickacademy.Mavenjava.RESTApiTest@6e75aa0d]" started-at="2021-01-28T17:48:53 GMT-05:00" name="elementUi" finished-at="2021-01-28T17:48:53 GMT-05:00" duration-ms="0" status="PASS">
          <reporter-output>
          </reporter-output>
        </test-method> <!-- elementUi -->
      </class> <!-- qaclickacademy.Mavenjava.RESTApiTest -->
      <class name="qaclickacademy.Mavenjava.AppiumTest">
        <test-method signature="IosApp()[pri:0, instance:qaclickacademy.Mavenjava.AppiumTest@7fc229ab]" started-at="2021-01-28T17:48:53 GMT-05:00" name="IosApp" finished-at="2021-01-28T17:48:53 GMT-05:00" duration-ms="1" status="PASS">
          <reporter-output>
          </reporter-output>
        </test-method> <!-- IosApp -->
        <test-method signature="NativeappAndroid()[pri:0, instance:qaclickacademy.Mavenjava.AppiumTest@7fc229ab]" started-at="2021-01-28T17:48:53 GMT-05:00" name="NativeappAndroid" finished-at="2021-01-28T17:48:53 GMT-05:00" duration-ms="1" status="PASS">
          <reporter-output>
          </reporter-output>
        </test-method> <!-- NativeappAndroid -->
      </class> <!-- qaclickacademy.Mavenjava.AppiumTest -->
    </test> <!-- Test -->
  </suite> <!-- Suite -->
</testng-results>
