<?xml version="1.0" encoding="UTF-8"?>
<testng-results ignored="0" total="6" passed="6" failed="0" skipped="0">
  <reporter-output>
  </reporter-output>
  <suite started-at="2021-01-28T17:31:15 GMT-05:00" name="Default suite" finished-at="2021-01-28T17:31:15 GMT-05:00" duration-ms="158">
    <groups>
    </groups>
    <test started-at="2021-01-28T17:31:15 GMT-05:00" name="Default test" finished-at="2021-01-28T17:31:15 GMT-05:00" duration-ms="158">
      <class name="qaclickacademy.Mavenjava.RESTApiTest">
        <test-method signature="BrowserAutomation()[pri:0, instance:qaclickacademy.Mavenjava.RESTApiTest@27ff5d15]" started-at="2021-01-28T17:31:15 GMT-05:00" name="BrowserAutomation" finished-at="2021-01-28T17:31:15 GMT-05:00" duration-ms="13" status="PASS">
          <reporter-output>
          </reporter-output>
        </test-method> <!-- BrowserAutomation -->
        <test-method signature="elementUi()[pri:0, instance:qaclickacademy.Mavenjava.RESTApiTest@27ff5d15]" started-at="2021-01-28T17:31:15 GMT-05:00" name="elementUi" finished-at="2021-01-28T17:31:15 GMT-05:00" duration-ms="1" status="PASS">
          <reporter-output>
          </reporter-output>
        </test-method> <!-- elementUi -->
      </class> <!-- qaclickacademy.Mavenjava.RESTApiTest -->
      <class name="qaclickacademy.Mavenjava.AppiumTest">
        <test-method signature="IosApp()[pri:0, instance:qaclickacademy.Mavenjava.AppiumTest@4e096385]" started-at="2021-01-28T17:31:15 GMT-05:00" name="IosApp" finished-at="2021-01-28T17:31:15 GMT-05:00" duration-ms="2" status="PASS">
          <reporter-output>
          </reporter-output>
        </test-method> <!-- IosApp -->
        <test-method signature="NativeappAndroid()[pri:0, instance:qaclickacademy.Mavenjava.AppiumTest@4e096385]" started-at="2021-01-28T17:31:15 GMT-05:00" name="NativeappAndroid" finished-at="2021-01-28T17:31:15 GMT-05:00" duration-ms="2" status="PASS">
          <reporter-output>
          </reporter-output>
        </test-method> <!-- NativeappAndroid -->
      </class> <!-- qaclickacademy.Mavenjava.AppiumTest -->
      <class name="qaclickacademy.Mavenjava.SeleniumTest">
        <test-method signature="twitterADD()[pri:0, instance:qaclickacademy.Mavenjava.SeleniumTest@649bec2e]" started-at="2021-01-28T17:31:15 GMT-05:00" name="twitterADD" finished-at="2021-01-28T17:31:15 GMT-05:00" duration-ms="2" status="PASS">
          <reporter-output>
          </reporter-output>
        </test-method> <!-- twitterADD -->
        <test-method signature="twitterDelete()[pri:0, instance:qaclickacademy.Mavenjava.SeleniumTest@649bec2e]" started-at="2021-01-28T17:31:15 GMT-05:00" name="twitterDelete" finished-at="2021-01-28T17:31:15 GMT-05:00" duration-ms="3" status="PASS">
          <reporter-output>
          </reporter-output>
        </test-method> <!-- twitterDelete -->
      </class> <!-- qaclickacademy.Mavenjava.SeleniumTest -->
    </test> <!-- Default test -->
  </suite> <!-- Default suite -->
</testng-results>
